<?xml version="1.0" encoding="UTF-8"?>
<!-- Generated by org.testng.reporters.JUnitXMLReporter -->
<testsuite ignored="0" hostname="DESKTOP-UAEH482" failures="0" tests="18" name="Default test" time="17.682" errors="0" timestamp="2023-01-07T14:52:12 IST">
  <testcase classname="com.bridgelabz.qa.api_automation.Rest_Api_Automation_Testing_Test" name="get_Current_User_Profile" time="9.245"/>
  <testcase classname="com.bridgelabz.qa.api_automation.Rest_Api_Automation_Testing_Test" name="get_User_Profile" time="0.273"/>
  <testcase classname="com.bridgelabz.qa.api_automation.Rest_Api_Automation_Testing_Test" name="create_playlist" time="0.538"/>
  <testcase classname="com.bridgelabz.qa.api_automation.Rest_Api_Automation_Testing_Test" name="search_for_item" time="0.494"/>
  <testcase classname="com.bridgelabz.qa.api_automation.Rest_Api_Automation_Testing_Test" name="add_items_to_playlist" time="0.312"/>
  <testcase classname="com.bridgelabz.qa.api_automation.Rest_Api_Automation_Testing_Test" name="get_current_users_Playlists" time="0.331"/>
  <testcase classname="com.bridgelabz.qa.api_automation.Rest_Api_Automation_Testing_Test" name="get_Playlists_items" time="0.326"/>
  <testcase classname="com.bridgelabz.qa.api_automation.Rest_Api_Automation_Testing_Test" name="get_Playlist" time="0.798"/>
  <testcase classname="com.bridgelabz.qa.api_automation.Rest_Api_Automation_Testing_Test" name="get_users_Playlists" time="0.303"/>
  <testcase classname="com.bridgelabz.qa.api_automation.Rest_Api_Automation_Testing_Test" name="update_playlist_items" time="0.257"/>
  <testcase classname="com.bridgelabz.qa.api_automation.Rest_Api_Automation_Testing_Test" name="get_Playlists_cover_image" time="0.224"/>
  <testcase classname="com.bridgelabz.qa.api_automation.Rest_Api_Automation_Testing_Test" name="change_playlist_details" time="0.256"/>
  <testcase classname="com.bridgelabz.qa.api_automation.Rest_Api_Automation_Testing_Test" name="get_tracks_audio_analysis" time="2.744"/>
  <testcase classname="com.bridgelabz.qa.api_automation.Rest_Api_Automation_Testing_Test" name="get_tracks_audio_features" time="0.27"/>
  <testcase classname="com.bridgelabz.qa.api_automation.Rest_Api_Automation_Testing_Test" name="get_track_audio_features_by_Id" time="0.2"/>
  <testcase classname="com.bridgelabz.qa.api_automation.Rest_Api_Automation_Testing_Test" name="get_several_tracks" time="0.27"/>
  <testcase classname="com.bridgelabz.qa.api_automation.Rest_Api_Automation_Testing_Test" name="get_tracks" time="0.271"/>
  <testcase classname="com.bridgelabz.qa.api_automation.Rest_Api_Automation_Testing_Test" name="remove_from_playlist" time="0.33"/>
</testsuite> <!-- Default test -->
